{
  "RSpec": {
    "coverage": {
      "/home/anbinh/Desktop/open-ruby-2019-hiring-player/app/controllers/comments_controller.rb": {
        "lines": [
          1,
          1,
          1,
          null,
          1,
          0,
          null,
          0,
          0,
          null,
          0,
          0,
          null,
          0,
          0,
          null,
          null,
          0,
          0,
          null,
          null,
          null,
          1,
          null,
          1,
          0,
          0,
          0,
          null,
          0,
          null,
          0,
          null,
          null,
          1,
          null,
          1,
          0,
          null,
          null,
          1,
          0,
          0,
          null,
          null
        ]
      },
      "/home/anbinh/Desktop/open-ruby-2019-hiring-player/app/controllers/application_controller.rb": {
        "lines": [
          1,
          1,
          null,
          1,
          null,
          1,
          null,
          1,
          0,
          0,
          0,
          0,
          null,
          null
        ]
      },
      "/home/anbinh/Desktop/open-ruby-2019-hiring-player/spec/controllers/followers_controller_spec.rb": {
        "lines": [
          1,
          1,
          1,
          2,
          1,
          1,
          null,
          null,
          null
        ]
      },
      "/home/anbinh/Desktop/open-ruby-2019-hiring-player/app/controllers/followers_controller.rb": {
        "lines": [
          1,
          1,
          1,
          null,
          1,
          0,
          null,
          1,
          null,
          null,
          null
        ]
      },
      "/home/anbinh/Desktop/open-ruby-2019-hiring-player/spec/controllers/followings_controller_spec.rb": {
        "lines": [
          1,
          1,
          1,
          2,
          1,
          1,
          null,
          null,
          null
        ]
      },
      "/home/anbinh/Desktop/open-ruby-2019-hiring-player/app/controllers/followings_controller.rb": {
        "lines": [
          1,
          1,
          1,
          null,
          1,
          0,
          null,
          1,
          null,
          null,
          null
        ]
      },
      "/home/anbinh/Desktop/open-ruby-2019-hiring-player/spec/controllers/orders_controller_spec.rb": {
        "lines": [
          1,
          1,
          2,
          2,
          3,
          2,
          null,
          null,
          null,
          null,
          1,
          1,
          1,
          5,
          null,
          null,
          null,
          1,
          1,
          5,
          null,
          null,
          null,
          null
        ]
      },
      "/home/anbinh/Desktop/open-ruby-2019-hiring-player/app/controllers/orders_controller.rb": {
        "lines": [
          1,
          1,
          1,
          null,
          1,
          0,
          null,
          0,
          0,
          0,
          0,
          null,
          0,
          0,
          null,
          null,
          null,
          null,
          1,
          null,
          1,
          null,
          1,
          0,
          null,
          null,
          1,
          0,
          0,
          0,
          null,
          0,
          0,
          null,
          null,
          null,
          1,
          0,
          null,
          0,
          0,
          0,
          null,
          null,
          1,
          0,
          null,
          0,
          0,
          0,
          null,
          null
        ]
      },
      "/home/anbinh/Desktop/open-ruby-2019-hiring-player/spec/controllers/ratings_controller_spec.rb": {
        "lines": [
          1,
          1,
          2,
          2,
          3,
          2,
          null,
          null,
          null,
          null,
          1,
          1,
          1,
          5,
          null,
          null,
          null,
          1,
          1,
          5,
          null,
          null,
          null,
          null
        ]
      },
      "/home/anbinh/Desktop/open-ruby-2019-hiring-player/app/controllers/ratings_controller.rb": {
        "lines": [
          1,
          1,
          null,
          1,
          0,
          0,
          null,
          0,
          null,
          0,
          0,
          null,
          null,
          null,
          1,
          null,
          1,
          0,
          null,
          null,
          1,
          0,
          null,
          null,
          1,
          0,
          0,
          null,
          0,
          0,
          null,
          null,
          null
        ]
      },
      "/home/anbinh/Desktop/open-ruby-2019-hiring-player/spec/controllers/sessions_controller_spec.rb": {
        "lines": [
          1,
          null,
          1,
          1,
          6,
          1,
          4,
          null,
          1,
          2,
          null,
          null,
          1,
          2,
          null,
          null,
          1,
          2,
          null,
          null,
          null,
          1,
          1,
          2,
          null,
          2,
          null,
          null,
          1,
          2,
          null,
          2,
          null,
          null,
          null,
          null
        ]
      },
      "/home/anbinh/Desktop/open-ruby-2019-hiring-player/app/controllers/sessions_controller.rb": {
        "lines": [
          1,
          1,
          null,
          1,
          5,
          null,
          5,
          3,
          3,
          null,
          2,
          2,
          null,
          null,
          null,
          1,
          0,
          0,
          null,
          null
        ]
      },
      "/home/anbinh/Desktop/open-ruby-2019-hiring-player/spec/controllers/static_pages_controller_spec.rb": {
        "lines": [
          1,
          null,
          1,
          1,
          3,
          null,
          1,
          2,
          null,
          null,
          1,
          2,
          null,
          null,
          null,
          null
        ]
      },
      "/home/anbinh/Desktop/open-ruby-2019-hiring-player/app/controllers/static_pages_controller.rb": {
        "lines": [
          1,
          1,
          null
        ]
      },
      "/home/anbinh/Desktop/open-ruby-2019-hiring-player/spec/controllers/users_controller_spec.rb": {
        "lines": [
          1,
          null,
          1,
          1,
          3,
          null,
          1,
          1,
          null,
          null,
          1,
          1,
          null,
          null,
          null,
          1,
          1,
          2,
          null,
          1,
          1,
          null,
          null,
          null,
          1,
          2,
          null,
          1,
          1,
          null,
          null,
          null,
          null
        ]
      },
      "/home/anbinh/Desktop/open-ruby-2019-hiring-player/app/controllers/users_controller.rb": {
        "lines": [
          1,
          1,
          1,
          1,
          null,
          1,
          0,
          0,
          null,
          null,
          1,
          2,
          null,
          null,
          1,
          2,
          null,
          2,
          1,
          1,
          1,
          null,
          1,
          1,
          null,
          null,
          null,
          1,
          null,
          1,
          null,
          1,
          0,
          0,
          0,
          null,
          0,
          0,
          null,
          null,
          1,
          null,
          1,
          2,
          null,
          null,
          1,
          0,
          null,
          null,
          1,
          0,
          null,
          null,
          1,
          0,
          null,
          0,
          0,
          0,
          null,
          null,
          1,
          0,
          null,
          null
        ]
      },
      "/home/anbinh/Desktop/open-ruby-2019-hiring-player/spec/models/comment_spec.rb": {
        "lines": [
          1,
          null,
          1,
          1,
          2,
          null,
          null
        ]
      },
      "/home/anbinh/Desktop/open-ruby-2019-hiring-player/app/models/comment.rb": {
        "lines": [
          1,
          1,
          null,
          1,
          null,
          1,
          null
        ]
      },
      "/home/anbinh/Desktop/open-ruby-2019-hiring-player/app/models/application_record.rb": {
        "lines": [
          1,
          1,
          null
        ]
      },
      "/home/anbinh/Desktop/open-ruby-2019-hiring-player/spec/models/follow_spec.rb": {
        "lines": [
          1,
          null,
          1,
          1,
          2,
          null,
          null
        ]
      },
      "/home/anbinh/Desktop/open-ruby-2019-hiring-player/app/models/follow.rb": {
        "lines": [
          1,
          1,
          null
        ]
      },
      "/home/anbinh/Desktop/open-ruby-2019-hiring-player/spec/models/order_spec.rb": {
        "lines": [
          1,
          null,
          1,
          4,
          4,
          null,
          1,
          2,
          null,
          null,
          1,
          2,
          null,
          null,
          null,
          null,
          null,
          1,
          2,
          1,
          1,
          null,
          null,
          null,
          null
        ]
      },
      "/home/anbinh/Desktop/open-ruby-2019-hiring-player/app/models/order.rb": {
        "lines": [
          1,
          1,
          null,
          1,
          null,
          1,
          null,
          null
        ]
      },
      "/home/anbinh/Desktop/open-ruby-2019-hiring-player/spec/models/rating_spec.rb": {
        "lines": [
          1,
          null,
          1,
          1,
          2,
          null,
          null
        ]
      },
      "/home/anbinh/Desktop/open-ruby-2019-hiring-player/app/models/rating.rb": {
        "lines": [
          1,
          1,
          null,
          1,
          null,
          1,
          null
        ]
      },
      "/home/anbinh/Desktop/open-ruby-2019-hiring-player/spec/models/sender_recipient_spec.rb": {
        "lines": [
          1,
          null,
          1,
          1,
          2,
          2,
          2,
          null,
          null
        ]
      },
      "/home/anbinh/Desktop/open-ruby-2019-hiring-player/app/models/sender_recipient.rb": {
        "lines": [
          1,
          1,
          1,
          1,
          null,
          1,
          null,
          1,
          1,
          1,
          1,
          1,
          null,
          null,
          null,
          0,
          null,
          1,
          0,
          1,
          1,
          null,
          0,
          null,
          null
        ]
      },
      "/home/anbinh/Desktop/open-ruby-2019-hiring-player/app/models/user.rb": {
        "lines": [
          1,
          1,
          null,
          1,
          null,
          1,
          7,
          null,
          2,
          null,
          2,
          null,
          2,
          null,
          1,
          null,
          1,
          2,
          null,
          2,
          null,
          2,
          null,
          2,
          null,
          1,
          null,
          1,
          1,
          null,
          1,
          null,
          1,
          1,
          null,
          null,
          1,
          null,
          1,
          1,
          null,
          1,
          null,
          1,
          1,
          null,
          1,
          null,
          1,
          1,
          1,
          null,
          1,
          null,
          null,
          null,
          1,
          3,
          null,
          null,
          1,
          1,
          null,
          null,
          1,
          2,
          null,
          null
        ]
      },
      "/home/anbinh/Desktop/open-ruby-2019-hiring-player/spec/models/user_profile_spec.rb": {
        "lines": [
          1,
          null,
          1,
          1,
          2,
          null,
          null
        ]
      },
      "/home/anbinh/Desktop/open-ruby-2019-hiring-player/app/models/user_profile.rb": {
        "lines": [
          1,
          1,
          1,
          null,
          1,
          null
        ]
      },
      "/home/anbinh/Desktop/open-ruby-2019-hiring-player/app/uploaders/picture_uploader.rb": {
        "lines": [
          1,
          1,
          null,
          1,
          0,
          null,
          1,
          null,
          null,
          1,
          null,
          1,
          0,
          null,
          null,
          1,
          0,
          null,
          null
        ]
      },
      "/home/anbinh/Desktop/open-ruby-2019-hiring-player/spec/models/user_spec.rb": {
        "lines": [
          1,
          null,
          1,
          29,
          29,
          null,
          1,
          2,
          1,
          1,
          null,
          null,
          1,
          1,
          null,
          null,
          null,
          1,
          1,
          null,
          null,
          null,
          1,
          1,
          null,
          null,
          null,
          1,
          1,
          null,
          null,
          null,
          1,
          1,
          null,
          null,
          1,
          1,
          null,
          null,
          null,
          1,
          1,
          null,
          null,
          null,
          1,
          1,
          null,
          null,
          null,
          1,
          1,
          null,
          null,
          null,
          2,
          2,
          2,
          null,
          null,
          1,
          2,
          2,
          2,
          2,
          2,
          2,
          2,
          null,
          null,
          1,
          2,
          null,
          null,
          1,
          2,
          1,
          1,
          null,
          null,
          null,
          1,
          2,
          null,
          null,
          1,
          1,
          1,
          1,
          null,
          null,
          null,
          null,
          1,
          1,
          2,
          1,
          1,
          null,
          null,
          null,
          1,
          2,
          1,
          1,
          null,
          null,
          null,
          1,
          2,
          1,
          1,
          null,
          null,
          null,
          null
        ]
      }
    },
    "timestamp": 1582255270
  }
}
